[    65.741] (--) Log file renamed from "/home/tt20/.local/share/xorg/Xorg.pid-1558.log" to "/home/tt20/.local/share/xorg/Xorg.0.log"
[    65.756] 
X.Org X Server 1.20.13
X Protocol Version 11, Revision 0
[    65.756] Build Operating System: linux Ubuntu
[    65.756] Current Operating System: Linux ubuntu 5.15.0-107-generic #117~20.04.1-Ubuntu SMP Tue Apr 30 10:35:57 UTC 2024 x86_64
[    65.756] Kernel command line: BOOT_IMAGE=/boot/vmlinuz-5.15.0-107-generic root=UUID=4f0e75ab-613d-4773-9470-038c19fbf38e ro find_preseed=/preseed.cfg auto noprompt priority=critical locale=en_US quiet
[    65.756] Build Date: 09 April 2024  01:36:10AM
[    65.756] xorg-server 2:1.20.13-1ubuntu1~20.04.17 (For technical support please see http://www.ubuntu.com/support) 
[    65.756] Current version of pixman: 0.38.4
[    65.756] 	Before reporting problems, check http://wiki.x.org
	to make sure that you have the latest version.
[    65.757] Markers: (--) probed, (**) from config file, (==) default setting,
	(++) from command line, (!!) notice, (II) informational,
	(WW) warning, (EE) error, (NI) not implemented, (??) unknown.
[    65.757] (==) Log file: "/home/tt20/.local/share/xorg/Xorg.0.log", Time: Wed May 15 20:24:10 2024
[    65.760] (==) Using system config directory "/usr/share/X11/xorg.conf.d"
[    65.765] (==) No Layout section.  Using the first Screen section.
[    65.765] (==) No screen section available. Using defaults.
[    65.765] (**) |-->Screen "Default Screen Section" (0)
[    65.765] (**) |   |-->Monitor "<default monitor>"
[    65.769] (==) No monitor specified for screen "Default Screen Section".
	Using a default monitor configuration.
[    65.769] (==) Automatically adding devices
[    65.769] (==) Automatically enabling devices
[    65.769] (==) Automatically adding GPU devices
[    65.769] (==) Automatically binding GPU devices
[    65.769] (==) Max clients allowed: 256, resource mask: 0x1fffff
[    65.769] (WW) The directory "/usr/share/fonts/X11/cyrillic" does not exist.
[    65.769] 	Entry deleted from font path.
[    65.769] (WW) The directory "/usr/share/fonts/X11/100dpi/" does not exist.
[    65.769] 	Entry deleted from font path.
[    65.769] (WW) The directory "/usr/share/fonts/X11/75dpi/" does not exist.
[    65.769] 	Entry deleted from font path.
[    65.769] (WW) The directory "/usr/share/fonts/X11/100dpi" does not exist.
[    65.769] 	Entry deleted from font path.
[    65.769] (WW) The directory "/usr/share/fonts/X11/75dpi" does not exist.
[    65.769] 	Entry deleted from font path.
[    65.769] (==) FontPath set to:
	/usr/share/fonts/X11/misc,
	/usr/share/fonts/X11/Type1,
	built-ins
[    65.769] (==) ModulePath set to "/usr/lib/xorg/modules"
[    65.769] (II) The server relies on udev to provide the list of input devices.
	If no devices become available, reconfigure udev or disable AutoAddDevices.
[    65.769] (II) Loader magic: 0x559a6f102020
[    65.769] (II) Module ABI versions:
[    65.770] 	X.Org ANSI C Emulation: 0.4
[    65.770] 	X.Org Video Driver: 24.1
[    65.770] 	X.Org XInput driver : 24.1
[    65.770] 	X.Org Server Extension : 10.0
[    65.772] (++) using VT number 2

[    65.779] (II) systemd-logind: took control of session /org/freedesktop/login1/session/_32
[    65.786] (II) xfree86: Adding drm device (/dev/dri/card0)
[    65.790] (II) systemd-logind: got fd for /dev/dri/card0 226:0 fd 12 paused 0
[    65.815] (--) PCI:*(0@0:15:0) 15ad:0405:15ad:0405 rev 0, Mem @ 0xe8000000/134217728, 0xfe000000/8388608, I/O @ 0x00001070/16, BIOS @ 0x????????/131072
[    65.816] (II) LoadModule: "glx"
[    65.820] (II) Loading /usr/lib/xorg/modules/extensions/libglx.so
[    65.840] (II) Module glx: vendor="X.Org Foundation"
[    65.840] 	compiled for 1.20.13, module version = 1.0.0
[    65.840] 	ABI class: X.Org Server Extension, version 10.0
[    65.840] (==) Matched vmware as autoconfigured driver 0
[    65.840] (==) Matched modesetting as autoconfigured driver 1
[    65.840] (==) Matched fbdev as autoconfigured driver 2
[    65.840] (==) Matched vesa as autoconfigured driver 3
[    65.840] (==) Assigned the driver to the xf86ConfigLayout
[    65.841] (II) LoadModule: "vmware"
[    65.844] (II) Loading /usr/lib/xorg/modules/drivers/vmware_drv.so
[    66.367] (II) Module vmware: vendor="X.Org Foundation"
[    66.367] 	compiled for 1.20.8, module version = 13.3.0
[    66.367] 	Module class: X.Org Video Driver
[    66.367] 	ABI class: X.Org Video Driver, version 24.1
[    66.367] (II) LoadModule: "modesetting"
[    66.368] (II) Loading /usr/lib/xorg/modules/drivers/modesetting_drv.so
[    66.374] (II) Module modesetting: vendor="X.Org Foundation"
[    66.375] 	compiled for 1.20.13, module version = 1.20.13
[    66.375] 	Module class: X.Org Video Driver
[    66.375] 	ABI class: X.Org Video Driver, version 24.1
[    66.375] (II) LoadModule: "fbdev"
[    66.375] (II) Loading /usr/lib/xorg/modules/drivers/fbdev_drv.so
[    66.378] (II) Module fbdev: vendor="X.Org Foundation"
[    66.378] 	compiled for 1.20.1, module version = 0.5.0
[    66.378] 	Module class: X.Org Video Driver
[    66.378] 	ABI class: X.Org Video Driver, version 24.0
[    66.378] (II) LoadModule: "vesa"
[    66.379] (II) Loading /usr/lib/xorg/modules/drivers/vesa_drv.so
[    66.381] (II) Module vesa: vendor="X.Org Foundation"
[    66.381] 	compiled for 1.20.4, module version = 2.4.0
[    66.381] 	Module class: X.Org Video Driver
[    66.381] 	ABI class: X.Org Video Driver, version 24.0
[    66.381] (II) vmware: driver for VMware SVGA: vmware0405, vmware0710
[    66.381] (II) modesetting: Driver for Modesetting Kernel Drivers: kms
[    66.381] (II) FBDEV: driver for framebuffer: fbdev
[    66.381] (II) VESA: driver for VESA chipsets: vesa
[    66.382] xf86EnableIOPorts: failed to set IOPL for I/O (Operation not permitted)
[    66.382] (WW) Falling back to old probe method for modesetting
[    66.382] (WW) Falling back to old probe method for fbdev
[    66.382] (II) Loading sub module "fbdevhw"
[    66.382] (II) LoadModule: "fbdevhw"
[    66.383] (II) Loading /usr/lib/xorg/modules/libfbdevhw.so
[    66.385] (II) Module fbdevhw: vendor="X.Org Foundation"
[    66.385] 	compiled for 1.20.13, module version = 0.0.2
[    66.385] 	ABI class: X.Org Video Driver, version 24.1
[    66.385] (EE) open /dev/fb0: Permission denied
[    66.385] (WW) VGA arbiter: cannot open kernel arbiter, no multi-card support
[    66.385] (II) vmware(0): Creating default Display subsection in Screen section
	"Default Screen Section" for depth/fbbpp 24/32
[    66.386] (--) vmware(0): DRM driver version is 2.19.0
[    66.386] (==) vmware(0): Depth 24, (--) framebuffer bpp 32
[    66.386] (==) vmware(0): RGB weight 888
[    66.386] (==) vmware(0): Default visual is TrueColor
[    66.386] (--) vmware(0): Min width 1, Max Width 16384.
[    66.386] (--) vmware(0): Min height 1, Max Height 16384.
[    66.389] (II) vmware(0): Output Virtual1 has no monitor section
[    66.389] (II) vmware(0): Output Virtual2 has no monitor section
[    66.389] (II) vmware(0): Output Virtual3 has no monitor section
[    66.389] (II) vmware(0): Output Virtual4 has no monitor section
[    66.389] (II) vmware(0): Output Virtual5 has no monitor section
[    66.390] (II) vmware(0): Output Virtual6 has no monitor section
[    66.390] (II) vmware(0): Output Virtual7 has no monitor section
[    66.390] (II) vmware(0): Output Virtual8 has no monitor section
[    66.390] (II) vmware(0): Printing probed modes for output Virtual1
[    66.390] (II) vmware(0): Modeline "800x600"x60.0   42.75  800 850 900 950  600 650 700 750 -hsync +vsync (45.0 kHz eP)
[    66.390] (II) vmware(0): Modeline "3840x2400"x60.0  592.25  3840 3888 3920 4000  2400 2403 2409 2469 +hsync -vsync (148.1 kHz e)
[    66.390] (II) vmware(0): Modeline "3840x2160"x60.0  533.00  3840 3888 3920 4000  2160 2163 2168 2222 +hsync -vsync (133.2 kHz e)
[    66.390] (II) vmware(0): Modeline "2880x1800"x59.9  337.50  2880 2928 2960 3040  1800 1803 1809 1852 +hsync -vsync (111.0 kHz e)
[    66.390] (II) vmware(0): Modeline "2560x1600"x60.0  348.50  2560 2752 3032 3504  1600 1603 1609 1658 -hsync +vsync (99.5 kHz e)
[    66.390] (II) vmware(0): Modeline "2560x1440"x60.0  241.50  2560 2608 2640 2720  1440 1443 1448 1481 +hsync -vsync (88.8 kHz e)
[    66.390] (II) vmware(0): Modeline "1920x1440"x60.0  234.00  1920 2048 2256 2600  1440 1441 1444 1500 -hsync +vsync (90.0 kHz e)
[    66.390] (II) vmware(0): Modeline "1856x1392"x60.0  218.25  1856 1952 2176 2528  1392 1393 1396 1439 -hsync +vsync (86.3 kHz e)
[    66.390] (II) vmware(0): Modeline "1792x1344"x60.0  204.75  1792 1920 2120 2448  1344 1345 1348 1394 -hsync +vsync (83.6 kHz e)
[    66.390] (II) vmware(0): Modeline "1920x1200"x59.9  193.25  1920 2056 2256 2592  1200 1203 1209 1245 -hsync +vsync (74.6 kHz e)
[    66.390] (II) vmware(0): Modeline "1920x1080"x60.0  173.00  1920 2048 2248 2576  1080 1083 1088 1120 -hsync +vsync (67.2 kHz e)
[    66.390] (II) vmware(0): Modeline "1600x1200"x60.0  162.00  1600 1664 1856 2160  1200 1201 1204 1250 +hsync +vsync (75.0 kHz e)
[    66.391] (II) vmware(0): Modeline "1680x1050"x60.0  146.25  1680 1784 1960 2240  1050 1053 1059 1089 -hsync +vsync (65.3 kHz e)
[    66.391] (II) vmware(0): Modeline "1400x1050"x60.0  121.75  1400 1488 1632 1864  1050 1053 1057 1089 -hsync +vsync (65.3 kHz e)
[    66.391] (II) vmware(0): Modeline "1280x1024"x60.0  108.00  1280 1328 1440 1688  1024 1025 1028 1066 +hsync +vsync (64.0 kHz e)
[    66.391] (II) vmware(0): Modeline "1440x900"x59.9  106.50  1440 1520 1672 1904  900 903 909 934 -hsync +vsync (55.9 kHz e)
[    66.391] (II) vmware(0): Modeline "1280x960"x60.0  108.00  1280 1376 1488 1800  960 961 964 1000 +hsync +vsync (60.0 kHz e)
[    66.391] (II) vmware(0): Modeline "1360x768"x60.0   85.50  1360 1424 1536 1792  768 771 777 795 +hsync +vsync (47.7 kHz e)
[    66.391] (II) vmware(0): Modeline "1280x800"x59.8   83.50  1280 1352 1480 1680  800 803 809 831 +hsync -vsync (49.7 kHz e)
[    66.391] (II) vmware(0): Modeline "1152x864"x75.0  108.00  1152 1216 1344 1600  864 865 868 900 +hsync +vsync (67.5 kHz e)
[    66.391] (II) vmware(0): Modeline "1280x768"x59.9   79.50  1280 1344 1472 1664  768 771 778 798 -hsync +vsync (47.8 kHz e)
[    66.391] (II) vmware(0): Modeline "1280x720"x59.9   74.50  1280 1344 1472 1664  720 723 728 748 -hsync +vsync (44.8 kHz e)
[    66.391] (II) vmware(0): Modeline "1024x768"x60.0   65.00  1024 1048 1184 1344  768 771 777 806 -hsync -vsync (48.4 kHz e)
[    66.391] (II) vmware(0): Modeline "800x600"x60.3   40.00  800 840 968 1056  600 601 605 628 +hsync +vsync (37.9 kHz e)
[    66.391] (II) vmware(0): Modeline "640x480"x59.9   25.18  640 656 752 800  480 489 492 525 -hsync -vsync (31.5 kHz e)
[    66.391] (II) vmware(0): EDID for output Virtual2
[    66.391] (II) vmware(0): EDID for output Virtual3
[    66.391] (II) vmware(0): EDID for output Virtual4
[    66.391] (II) vmware(0): EDID for output Virtual5
[    66.391] (II) vmware(0): EDID for output Virtual6
[    66.391] (II) vmware(0): EDID for output Virtual7
[    66.391] (II) vmware(0): EDID for output Virtual8
[    66.391] (II) vmware(0): Output Virtual1 connected
[    66.391] (II) vmware(0): Output Virtual2 disconnected
[    66.391] (II) vmware(0): Output Virtual3 disconnected
[    66.391] (II) vmware(0): Output Virtual4 disconnected
[    66.391] (II) vmware(0): Output Virtual5 disconnected
[    66.392] (II) vmware(0): Output Virtual6 disconnected
[    66.392] (II) vmware(0): Output Virtual7 disconnected
[    66.392] (II) vmware(0): Output Virtual8 disconnected
[    66.392] (II) vmware(0): Using exact sizes for initial modes
[    66.392] (II) vmware(0): Output Virtual1 using initial mode 800x600 +0+0
[    66.392] (==) vmware(0): DPI set to (96, 96)
[    66.392] (==) vmware(0): Using gamma correction (1.0, 1.0, 1.0)
[    66.392] (II) Loading sub module "fb"
[    66.392] (II) LoadModule: "fb"
[    66.392] (II) Loading /usr/lib/xorg/modules/libfb.so
[    66.397] (II) Module fb: vendor="X.Org Foundation"
[    66.397] 	compiled for 1.20.13, module version = 1.0.0
[    66.397] 	ABI class: X.Org ANSI C Emulation, version 0.4
[    66.397] (II) Loading sub module "dri2"
[    66.397] (II) LoadModule: "dri2"
[    66.397] (II) Module "dri2" already built-in
[    66.397] (II) Loading sub module "dri3"
[    66.397] (II) LoadModule: "dri3"
[    66.397] (II) Module "dri3" already built-in
[    66.397] (II) UnloadModule: "modesetting"
[    66.397] (II) Unloading modesetting
[    66.397] (II) UnloadModule: "fbdev"
[    66.397] (II) Unloading fbdev
[    66.397] (II) UnloadSubModule: "fbdevhw"
[    66.398] (II) Unloading fbdevhw
[    66.398] (II) UnloadModule: "vesa"
[    66.398] (II) Unloading vesa
[    66.404] (II) vmware(0): Initialized VMWARE_CTRL extension version 0.2
[    66.487] (II) vmware(0): Gallium3D XA version: 2.5.0.
[    66.488] (II) vmware(0): Path of drm device is "/dev/dri/card0".
[    66.488] (II) vmware(0): [DRI2] Setup complete
[    66.488] (II) vmware(0): [DRI2]   DRI driver: vmwgfx
[    66.925] (--) vmware(0): Render acceleration is enabled.
[    66.925] (==) vmware(0): Rendercheck mode is disabled.
[    66.925] (--) vmware(0): Direct rendering (DRI2 3D) is enabled.
[    66.925] (--) vmware(0): Direct rendering (DRI3 3D) is enabled.
[    66.925] (==) vmware(0): Direct presents are disabled.
[    66.925] (==) vmware(0): Hardware only presents are automatic per scanout.
[    66.925] (==) vmware(0): Backing store enabled
[    66.925] (==) vmware(0): Silken mouse enabled
[    66.931] (==) vmware(0): DPMS enabled
[    66.931] (II) Initializing extension Generic Event Extension
[    66.931] (II) Initializing extension SHAPE
[    66.931] (II) Initializing extension MIT-SHM
[    66.931] (II) Initializing extension XInputExtension
[    66.933] (II) Initializing extension XTEST
[    66.934] (II) Initializing extension BIG-REQUESTS
[    66.934] (II) Initializing extension SYNC
[    66.934] (II) Initializing extension XKEYBOARD
[    66.935] (II) Initializing extension XC-MISC
[    66.935] (II) Initializing extension SECURITY
[    66.935] (II) Initializing extension XFIXES
[    66.935] (II) Initializing extension RENDER
[    66.936] (II) Initializing extension RANDR
[    66.936] (II) Initializing extension COMPOSITE
[    66.936] (II) Initializing extension DAMAGE
[    66.937] (II) Initializing extension MIT-SCREEN-SAVER
[    66.937] (II) Initializing extension DOUBLE-BUFFER
[    66.937] (II) Initializing extension RECORD
[    66.937] (II) Initializing extension DPMS
[    66.937] (II) Initializing extension Present
[    66.938] (II) Initializing extension DRI3
[    66.938] (II) Initializing extension X-Resource
[    66.938] (II) Initializing extension XVideo
[    66.938] (II) Initializing extension XVideo-MotionCompensation
[    66.938] (II) Initializing extension SELinux
[    66.938] (II) SELinux: Disabled on system
[    66.938] (II) Initializing extension GLX
[    66.980] (II) AIGLX: Loaded and initialized vmwgfx
[    66.980] (II) GLX: Initialized DRI2 GL provider for screen 0
[    66.980] (II) Initializing extension XFree86-VidModeExtension
[    66.980] (II) Initializing extension XFree86-DGA
[    66.980] (II) Initializing extension XFree86-DRI
[    66.980] (II) Initializing extension DRI2
[    67.049] (II) vmware(0): Setting screen physical size to 211 x 158
[    67.246] (II) config/udev: Adding input device Power Button (/dev/input/event0)
[    67.246] (**) Power Button: Applying InputClass "libinput keyboard catchall"
[    67.246] (II) LoadModule: "libinput"
[    67.247] (II) Loading /usr/lib/xorg/modules/input/libinput_drv.so
[    67.256] (II) Module libinput: vendor="X.Org Foundation"
[    67.256] 	compiled for 1.20.4, module version = 0.29.0
[    67.256] 	Module class: X.Org XInput Driver
[    67.256] 	ABI class: X.Org XInput driver, version 24.1
[    67.257] (II) Using input driver 'libinput' for 'Power Button'
[    67.262] (II) systemd-logind: got fd for /dev/input/event0 13:64 fd 24 paused 0
[    67.262] (**) Power Button: always reports core events
[    67.262] (**) Option "Device" "/dev/input/event0"
[    67.262] (**) Option "_source" "server/udev"
[    67.269] (II) event0  - Power Button: is tagged by udev as: Keyboard
[    67.269] (II) event0  - Power Button: device is a keyboard
[    67.269] (II) event0  - Power Button: device removed
[    67.270] (**) Option "config_info" "udev:/sys/devices/LNXSYSTM:00/LNXPWRBN:00/input/input0/event0"
[    67.270] (II) XINPUT: Adding extended input device "Power Button" (type: KEYBOARD, id 6)
[    67.270] (**) Option "xkb_model" "SKIP"
[    67.270] (**) Option "xkb_layout" "us"
[    67.348] (II) event0  - Power Button: is tagged by udev as: Keyboard
[    67.348] (II) event0  - Power Button: device is a keyboard
[    67.352] (II) config/udev: Adding input device VMware VMware Virtual USB Mouse (/dev/input/event4)
[    67.352] (**) VMware VMware Virtual USB Mouse: Applying InputClass "libinput pointer catchall"
[    67.352] (II) Using input driver 'libinput' for 'VMware VMware Virtual USB Mouse'
[    67.415] (II) systemd-logind: got fd for /dev/input/event4 13:68 fd 27 paused 0
[    67.415] (**) VMware VMware Virtual USB Mouse: always reports core events
[    67.415] (**) Option "Device" "/dev/input/event4"
[    67.415] (**) Option "_source" "server/udev"
[    67.419] (II) event4  - VMware VMware Virtual USB Mouse: is tagged by udev as: Mouse
[    67.420] (II) event4  - VMware VMware Virtual USB Mouse: device is a pointer
[    67.420] (II) event4  - VMware VMware Virtual USB Mouse: device removed
[    67.420] (**) Option "config_info" "udev:/sys/devices/pci0000:00/0000:00:11.0/0000:02:00.0/usb2/2-1/2-1:1.0/0003:0E0F:0003.0001/input/input5/event4"
[    67.421] (II) XINPUT: Adding extended input device "VMware VMware Virtual USB Mouse" (type: MOUSE, id 7)
[    67.421] (**) Option "AccelerationScheme" "none"
[    67.421] (**) VMware VMware Virtual USB Mouse: (accel) selected scheme none/0
[    67.421] (**) VMware VMware Virtual USB Mouse: (accel) acceleration factor: 2.000
[    67.421] (**) VMware VMware Virtual USB Mouse: (accel) acceleration threshold: 4
[    67.435] (II) event4  - VMware VMware Virtual USB Mouse: is tagged by udev as: Mouse
[    67.435] (II) event4  - VMware VMware Virtual USB Mouse: device is a pointer
[    67.437] (II) config/udev: Adding input device VMware VMware Virtual USB Mouse (/dev/input/mouse2)
[    67.437] (II) No input driver specified, ignoring this device.
[    67.438] (II) This device may have been added with another device file.
[    67.439] (II) config/udev: Adding input device AT Translated Set 2 keyboard (/dev/input/event1)
[    67.439] (**) AT Translated Set 2 keyboard: Applying InputClass "libinput keyboard catchall"
[    67.439] (II) Using input driver 'libinput' for 'AT Translated Set 2 keyboard'
[    67.442] (II) systemd-logind: got fd for /dev/input/event1 13:65 fd 28 paused 0
[    67.442] (**) AT Translated Set 2 keyboard: always reports core events
[    67.442] (**) Option "Device" "/dev/input/event1"
[    67.442] (**) Option "_source" "server/udev"
[    67.450] (II) event1  - AT Translated Set 2 keyboard: is tagged by udev as: Keyboard
[    67.450] (II) event1  - AT Translated Set 2 keyboard: device is a keyboard
[    67.451] (II) event1  - AT Translated Set 2 keyboard: device removed
[    67.451] (**) Option "config_info" "udev:/sys/devices/platform/i8042/serio0/input/input1/event1"
[    67.451] (II) XINPUT: Adding extended input device "AT Translated Set 2 keyboard" (type: KEYBOARD, id 8)
[    67.451] (**) Option "xkb_model" "SKIP"
[    67.451] (**) Option "xkb_layout" "us"
[    67.454] (II) event1  - AT Translated Set 2 keyboard: is tagged by udev as: Keyboard
[    67.454] (II) event1  - AT Translated Set 2 keyboard: device is a keyboard
[    67.458] (II) config/udev: Adding input device VirtualPS/2 VMware VMMouse (/dev/input/event3)
[    67.458] (**) VirtualPS/2 VMware VMMouse: Applying InputClass "libinput pointer catchall"
[    67.458] (II) Using input driver 'libinput' for 'VirtualPS/2 VMware VMMouse'
[    67.462] (II) systemd-logind: got fd for /dev/input/event3 13:67 fd 29 paused 0
[    67.462] (**) VirtualPS/2 VMware VMMouse: always reports core events
[    67.462] (**) Option "Device" "/dev/input/event3"
[    67.462] (**) Option "_source" "server/udev"
[    67.465] (II) event3  - VirtualPS/2 VMware VMMouse: is tagged by udev as: Mouse
[    67.465] (II) event3  - VirtualPS/2 VMware VMMouse: device is a pointer
[    67.466] (II) event3  - VirtualPS/2 VMware VMMouse: device removed
[    67.466] (**) Option "config_info" "udev:/sys/devices/platform/i8042/serio1/input/input3/event3"
[    67.466] (II) XINPUT: Adding extended input device "VirtualPS/2 VMware VMMouse" (type: MOUSE, id 9)
[    67.466] (**) Option "AccelerationScheme" "none"
[    67.466] (**) VirtualPS/2 VMware VMMouse: (accel) selected scheme none/0
[    67.466] (**) VirtualPS/2 VMware VMMouse: (accel) acceleration factor: 2.000
[    67.466] (**) VirtualPS/2 VMware VMMouse: (accel) acceleration threshold: 4
[    67.469] (II) event3  - VirtualPS/2 VMware VMMouse: is tagged by udev as: Mouse
[    67.469] (II) event3  - VirtualPS/2 VMware VMMouse: device is a pointer
[    67.471] (II) config/udev: Adding input device VirtualPS/2 VMware VMMouse (/dev/input/mouse1)
[    67.471] (II) No input driver specified, ignoring this device.
[    67.471] (II) This device may have been added with another device file.
[    67.473] (II) config/udev: Adding input device VirtualPS/2 VMware VMMouse (/dev/input/event2)
[    67.473] (**) VirtualPS/2 VMware VMMouse: Applying InputClass "libinput pointer catchall"
[    67.473] (II) Using input driver 'libinput' for 'VirtualPS/2 VMware VMMouse'
[    67.476] (II) systemd-logind: got fd for /dev/input/event2 13:66 fd 30 paused 0
[    67.476] (**) VirtualPS/2 VMware VMMouse: always reports core events
[    67.476] (**) Option "Device" "/dev/input/event2"
[    67.476] (**) Option "_source" "server/udev"
[    67.480] (II) event2  - VirtualPS/2 VMware VMMouse: is tagged by udev as: Mouse
[    67.480] (II) event2  - VirtualPS/2 VMware VMMouse: device is a pointer
[    67.481] (II) event2  - VirtualPS/2 VMware VMMouse: device removed
[    67.481] (**) Option "config_info" "udev:/sys/devices/platform/i8042/serio1/input/input4/event2"
[    67.481] (II) XINPUT: Adding extended input device "VirtualPS/2 VMware VMMouse" (type: MOUSE, id 10)
[    67.481] (**) Option "AccelerationScheme" "none"
[    67.481] (**) VirtualPS/2 VMware VMMouse: (accel) selected scheme none/0
[    67.481] (**) VirtualPS/2 VMware VMMouse: (accel) acceleration factor: 2.000
[    67.481] (**) VirtualPS/2 VMware VMMouse: (accel) acceleration threshold: 4
[    67.484] (II) event2  - VirtualPS/2 VMware VMMouse: is tagged by udev as: Mouse
[    67.485] (II) event2  - VirtualPS/2 VMware VMMouse: device is a pointer
[    67.486] (II) config/udev: Adding input device VirtualPS/2 VMware VMMouse (/dev/input/mouse0)
[    67.486] (II) No input driver specified, ignoring this device.
[    67.486] (II) This device may have been added with another device file.
[    99.677] (!!) vmware(0): New layout.
[    99.677] (!!) vmware(0): 0: 0 0 2560 1600
[    99.677] (!!) vmware(0): 
[ 12068.390] (!!) vmware(0): New layout.
[ 12068.390] (!!) vmware(0): 0: 0 0 800 600
[ 12068.390] (!!) vmware(0): 
[ 12168.695] (!!) vmware(0): New layout.
[ 12168.696] (!!) vmware(0): 0: 0 0 2560 1443
[ 12168.696] (!!) vmware(0): 
